The system is: Darwin - 22.3.0 - arm64
Compiling the CXX compiler identification source file "CMakeCXXCompilerId.cpp" succeeded.
Compiler: /Library/Developer/CommandLineTools/usr/bin/c++ 
Build flags: 
Id flags: -c 

The output was:
0


Compilation of the CXX compiler identification source "CMakeCXXCompilerId.cpp" produced "CMakeCXXCompilerId.o"

The CXX compiler identification is AppleClang, found in "/Users/ellen.tomlins/Desktop/Classes_archive/CS211/quoridor_final_project/cmake-build-debug/CMakeFiles/3.25.2/CompilerIdCXX/CMakeCXXCompilerId.o"

Detecting CXX compiler ABI info compiled with the following output:
Change Dir: /Users/ellen.tomlins/Desktop/Classes_archive/CS211/quoridor_final_project/cmake-build-debug/CMakeFiles/CMakeScratch/TryCompile-2RMl2p

Run Build Command(s):/usr/bin/make -f Makefile cmTC_b31b0/fast && /Library/Developer/CommandLineTools/usr/bin/make  -f CMakeFiles/cmTC_b31b0.dir/build.make CMakeFiles/cmTC_b31b0.dir/build
Building CXX object CMakeFiles/cmTC_b31b0.dir/CMakeCXXCompilerABI.cpp.o
/Library/Developer/CommandLineTools/usr/bin/c++   -arch arm64 -isysroot /Library/Developer/CommandLineTools/SDKs/MacOSX13.1.sdk -fcolor-diagnostics   -v -Wl,-v -MD -MT CMakeFiles/cmTC_b31b0.dir/CMakeCXXCompilerABI.cpp.o -MF CMakeFiles/cmTC_b31b0.dir/CMakeCXXCompilerABI.cpp.o.d -o CMakeFiles/cmTC_b31b0.dir/CMakeCXXCompilerABI.cpp.o -c /Applications/CLion.app/Contents/bin/cmake/mac/share/cmake-3.25/Modules/CMakeCXXCompilerABI.cpp
Apple clang version 14.0.0 (clang-1400.0.29.202)
Target: arm64-apple-darwin22.3.0
Thread model: posix
InstalledDir: /Library/Developer/CommandLineTools/usr/bin
clang: [0;1;35mwarning: [0m[1m-Wl,-v: 'linker' input unused [-Wunused-command-line-argument][0m
 "/Library/Developer/CommandLineTools/usr/bin/clang" -cc1 -triple arm64-apple-macosx13.0.0 -Wundef-prefix=TARGET_OS_ -Wdeprecated-objc-isa-usage -Werror=deprecated-objc-isa-usage -Werror=implicit-function-declaration -emit-obj -mrelax-all --mrelax-relocations -disable-free -clear-ast-before-backend -disable-llvm-verifier -discard-value-names -main-file-name CMakeCXXCompilerABI.cpp -mrelocation-model pic -pic-level 2 -mframe-pointer=non-leaf -fno-strict-return -fno-rounding-math -funwind-tables=2 -fobjc-msgsend-selector-stubs -target-sdk-version=13.1 -fvisibility-inlines-hidden-static-local-var -target-cpu apple-m1 -target-feature +v8.5a -target-feature +fp-armv8 -target-feature +neon -target-feature +crc -target-feature +crypto -target-feature +dotprod -target-feature +fp16fml -target-feature +ras -target-feature +lse -target-feature +rdm -target-feature +rcpc -target-feature +zcm -target-feature +zcz -target-feature +fullfp16 -target-feature +sm4 -target-feature +sha3 -target-feature +sha2 -target-feature +aes -target-abi darwinpcs -fallow-half-arguments-and-returns -debugger-tuning=lldb -target-linker-version 820.1 -v -resource-dir /Library/Developer/CommandLineTools/usr/lib/clang/14.0.0 -dependency-file CMakeFiles/cmTC_b31b0.dir/CMakeCXXCompilerABI.cpp.o.d -skip-unused-modulemap-deps -MT CMakeFiles/cmTC_b31b0.dir/CMakeCXXCompilerABI.cpp.o -sys-header-deps -isysroot /Library/Developer/CommandLineTools/SDKs/MacOSX13.1.sdk -stdlib=libc++ -internal-isystem /Library/Developer/CommandLineTools/SDKs/MacOSX13.1.sdk/usr/include/c++/v1 -internal-isystem /Library/Developer/CommandLineTools/SDKs/MacOSX13.1.sdk/usr/local/include -internal-isystem /Library/Developer/CommandLineTools/usr/lib/clang/14.0.0/include -internal-externc-isystem /Library/Developer/CommandLineTools/SDKs/MacOSX13.1.sdk/usr/include -internal-externc-isystem /Library/Developer/CommandLineTools/usr/include -Wno-reorder-init-list -Wno-implicit-int-float-conversion -Wno-c99-designator -Wno-final-dtor-non-final-class -Wno-extra-semi-stmt -Wno-misleading-indentation -Wno-quoted-include-in-framework-header -Wno-implicit-fallthrough -Wno-enum-enum-conversion -Wno-enum-float-conversion -Wno-elaborated-enum-base -Wno-reserved-identifier -Wno-gnu-folding-constant -Wno-cast-function-type -Wno-bitwise-instead-of-logical -fdeprecated-macro -fdebug-compilation-dir=/Users/ellen.tomlins/Desktop/Classes_archive/CS211/quoridor_final_project/cmake-build-debug/CMakeFiles/CMakeScratch/TryCompile-2RMl2p -ferror-limit 19 -stack-protector 1 -fstack-check -mdarwin-stkchk-strong-link -fblocks -fencode-extended-block-signature -fregister-global-dtors-with-atexit -fgnuc-version=4.2.1 -fno-cxx-modules -fcxx-exceptions -fexceptions -fmax-type-align=16 -fcommon -fcolor-diagnostics -clang-vendor-feature=+messageToSelfInClassMethodIdReturnType -clang-vendor-feature=+disableInferNewAvailabilityFromInit -clang-vendor-feature=+disableNonDependentMemberExprInCurrentInstantiation -fno-odr-hash-protocols -clang-vendor-feature=+enableAggressiveVLAFolding -clang-vendor-feature=+revert09abecef7bbf -clang-vendor-feature=+thisNoAlignAttr -clang-vendor-feature=+thisNoNullAttr -mllvm -disable-aligned-alloc-awareness=1 -D__GCC_HAVE_DWARF2_CFI_ASM=1 -o CMakeFiles/cmTC_b31b0.dir/CMakeCXXCompilerABI.cpp.o -x c++ /Applications/CLion.app/Contents/bin/cmake/mac/share/cmake-3.25/Modules/CMakeCXXCompilerABI.cpp
clang -cc1 version 14.0.0 (clang-1400.0.29.202) default target arm64-apple-darwin22.3.0
ignoring nonexistent directory "/Library/Developer/CommandLineTools/SDKs/MacOSX13.1.sdk/usr/local/include"
ignoring nonexistent directory "/Library/Developer/CommandLineTools/SDKs/MacOSX13.1.sdk/Library/Frameworks"
#include "..." search starts here:
#include <...> search starts here:
 /Library/Developer/CommandLineTools/SDKs/MacOSX13.1.sdk/usr/include/c++/v1
 /Library/Developer/CommandLineTools/usr/lib/clang/14.0.0/include
 /Library/Developer/CommandLineTools/SDKs/MacOSX13.1.sdk/usr/include
 /Library/Developer/CommandLineTools/usr/include
 /Library/Developer/CommandLineTools/SDKs/MacOSX13.1.sdk/System/Library/Frameworks (framework directory)
End of search list.
Linking CXX executable cmTC_b31b0
/Applications/CLion.app/Contents/bin/cmake/mac/bin/cmake -E cmake_link_script CMakeFiles/cmTC_b31b0.dir/link.txt --verbose=1
/Library/Developer/CommandLineTools/usr/bin/c++  -arch arm64 -isysroot /Library/Developer/CommandLineTools/SDKs/MacOSX13.1.sdk -Wl,-search_paths_first -Wl,-headerpad_max_install_names  -v -Wl,-v CMakeFiles/cmTC_b31b0.dir/CMakeCXXCompilerABI.cpp.o -o cmTC_b31b0 
Apple clang version 14.0.0 (clang-1400.0.29.202)
Target: arm64-apple-darwin22.3.0
Thread model: posix
InstalledDir: /Library/Developer/CommandLineTools/usr/bin
 "/Library/Developer/CommandLineTools/usr/bin/ld" -demangle -lto_library /Library/Developer/CommandLineTools/usr/lib/libLTO.dylib -dynamic -arch arm64 -platform_version macos 13.0.0 13.1 -syslibroot /Library/Developer/CommandLineTools/SDKs/MacOSX13.1.sdk -o cmTC_b31b0 -search_paths_first -headerpad_max_install_names -v CMakeFiles/cmTC_b31b0.dir/CMakeCXXCompilerABI.cpp.o -lc++ -lSystem /Library/Developer/CommandLineTools/usr/lib/clang/14.0.0/lib/darwin/libclang_rt.osx.a
@(#)PROGRAM:ld  PROJECT:ld64-820.1
BUILD 20:07:05 Nov  7 2022
configured to support archs: armv6 armv7 armv7s arm64 arm64e arm64_32 i386 x86_64 x86_64h armv6m armv7k armv7m armv7em
Library search paths:
	/Library/Developer/CommandLineTools/SDKs/MacOSX13.1.sdk/usr/lib
Framework search paths:
	/Library/Developer/CommandLineTools/SDKs/MacOSX13.1.sdk/System/Library/Frameworks/



Parsed CXX implicit include dir info from above output: rv=loading
  found start of include info
  warn: unable to parse implicit include dirs!


Parsed CXX implicit link information from above output:
  link line regex: [^( *|.*[/\])(ld|CMAKE_LINK_STARTFILE-NOTFOUND|([^/\]+-)?ld|collect2)[^/\]*( |$)]
  ignore line: [Change Dir: /Users/ellen.tomlins/Desktop/Classes_archive/CS211/quoridor_final_project/cmake-build-debug/CMakeFiles/CMakeScratch/TryCompile-2RMl2p]
  ignore line: []
  ignore line: [Run Build Command(s):/usr/bin/make -f Makefile cmTC_b31b0/fast && /Library/Developer/CommandLineTools/usr/bin/make  -f CMakeFiles/cmTC_b31b0.dir/build.make CMakeFiles/cmTC_b31b0.dir/build]
  ignore line: [Building CXX object CMakeFiles/cmTC_b31b0.dir/CMakeCXXCompilerABI.cpp.o]
  ignore line: [/Library/Developer/CommandLineTools/usr/bin/c++   -arch arm64 -isysroot /Library/Developer/CommandLineTools/SDKs/MacOSX13.1.sdk -fcolor-diagnostics   -v -Wl -v -MD -MT CMakeFiles/cmTC_b31b0.dir/CMakeCXXCompilerABI.cpp.o -MF CMakeFiles/cmTC_b31b0.dir/CMakeCXXCompilerABI.cpp.o.d -o CMakeFiles/cmTC_b31b0.dir/CMakeCXXCompilerABI.cpp.o -c /Applications/CLion.app/Contents/bin/cmake/mac/share/cmake-3.25/Modules/CMakeCXXCompilerABI.cpp]
  ignore line: [Apple clang version 14.0.0 (clang-1400.0.29.202)]
  ignore line: [Target: arm64-apple-darwin22.3.0]
  ignore line: [Thread model: posix]
  ignore line: [InstalledDir: /Library/Developer/CommandLineTools/usr/bin]
  ignore line: [clang: [0;1;35mwarning: [0m[1m-Wl,-v: 'linker' input unused [-Wunused-command-line-argument][0m; "/Library/Developer/CommandLineTools/usr/bin/clang" -cc1 -triple arm64-apple-macosx13.0.0 -Wundef-prefix=TARGET_OS_ -Wdeprecated-objc-isa-usage -Werror=deprecated-objc-isa-usage -Werror=implicit-function-declaration -emit-obj -mrelax-all --mrelax-relocations -disable-free -clear-ast-before-backend -disable-llvm-verifier -discard-value-names -main-file-name CMakeCXXCompilerABI.cpp -mrelocation-model pic -pic-level 2 -mframe-pointer=non-leaf -fno-strict-return -fno-rounding-math -funwind-tables=2 -fobjc-msgsend-selector-stubs -target-sdk-version=13.1 -fvisibility-inlines-hidden-static-local-var -target-cpu apple-m1 -target-feature +v8.5a -target-feature +fp-armv8 -target-feature +neon -target-feature +crc -target-feature +crypto -target-feature +dotprod -target-feature +fp16fml -target-feature +ras -target-feature +lse -target-feature +rdm -target-feature +rcpc -target-feature +zcm -target-feature +zcz -target-feature +fullfp16 -target-feature +sm4 -target-feature +sha3 -target-feature +sha2 -target-feature +aes -target-abi darwinpcs -fallow-half-arguments-and-returns -debugger-tuning=lldb -target-linker-version 820.1 -v -resource-dir /Library/Developer/CommandLineTools/usr/lib/clang/14.0.0 -dependency-file CMakeFiles/cmTC_b31b0.dir/CMakeCXXCompilerABI.cpp.o.d -skip-unused-modulemap-deps -MT CMakeFiles/cmTC_b31b0.dir/CMakeCXXCompilerABI.cpp.o -sys-header-deps -isysroot /Library/Developer/CommandLineTools/SDKs/MacOSX13.1.sdk -stdlib=libc++ -internal-isystem /Library/Developer/CommandLineTools/SDKs/MacOSX13.1.sdk/usr/include/c++/v1 -internal-isystem /Library/Developer/CommandLineTools/SDKs/MacOSX13.1.sdk/usr/local/include -internal-isystem /Library/Developer/CommandLineTools/usr/lib/clang/14.0.0/include -internal-externc-isystem /Library/Developer/CommandLineTools/SDKs/MacOSX13.1.sdk/usr/include -internal-externc-isystem /Library/Developer/CommandLineTools/usr/include -Wno-reorder-init-list -Wno-implicit-int-float-conversion -Wno-c99-designator -Wno-final-dtor-non-final-class -Wno-extra-semi-stmt -Wno-misleading-indentation -Wno-quoted-include-in-framework-header -Wno-implicit-fallthrough -Wno-enum-enum-conversion -Wno-enum-float-conversion -Wno-elaborated-enum-base -Wno-reserved-identifier -Wno-gnu-folding-constant -Wno-cast-function-type -Wno-bitwise-instead-of-logical -fdeprecated-macro -fdebug-compilation-dir=/Users/ellen.tomlins/Desktop/Classes_archive/CS211/quoridor_final_project/cmake-build-debug/CMakeFiles/CMakeScratch/TryCompile-2RMl2p -ferror-limit 19 -stack-protector 1 -fstack-check -mdarwin-stkchk-strong-link -fblocks -fencode-extended-block-signature -fregister-global-dtors-with-atexit -fgnuc-version=4.2.1 -fno-cxx-modules -fcxx-exceptions -fexceptions -fmax-type-align=16 -fcommon -fcolor-diagnostics -clang-vendor-feature=+messageToSelfInClassMethodIdReturnType -clang-vendor-feature=+disableInferNewAvailabilityFromInit -clang-vendor-feature=+disableNonDependentMemberExprInCurrentInstantiation -fno-odr-hash-protocols -clang-vendor-feature=+enableAggressiveVLAFolding -clang-vendor-feature=+revert09abecef7bbf -clang-vendor-feature=+thisNoAlignAttr -clang-vendor-feature=+thisNoNullAttr -mllvm -disable-aligned-alloc-awareness=1 -D__GCC_HAVE_DWARF2_CFI_ASM=1 -o CMakeFiles/cmTC_b31b0.dir/CMakeCXXCompilerABI.cpp.o -x c++ /Applications/CLion.app/Contents/bin/cmake/mac/share/cmake-3.25/Modules/CMakeCXXCompilerABI.cpp;clang -cc1 version 14.0.0 (clang-1400.0.29.202) default target arm64-apple-darwin22.3.0;ignoring nonexistent directory "/Library/Developer/CommandLineTools/SDKs/MacOSX13.1.sdk/usr/local/include";ignoring nonexistent directory "/Library/Developer/CommandLineTools/SDKs/MacOSX13.1.sdk/Library/Frameworks";#include "..." search starts here:;#include <...> search starts here:; /Library/Developer/CommandLineTools/SDKs/MacOSX13.1.sdk/usr/include/c++/v1; /Library/Developer/CommandLineTools/usr/lib/clang/14.0.0/include; /Library/Developer/CommandLineTools/SDKs/MacOSX13.1.sdk/usr/include; /Library/Developer/CommandLineTools/usr/include; /Library/Developer/CommandLineTools/SDKs/MacOSX13.1.sdk/System/Library/Frameworks (framework directory);End of search list.;Linking CXX executable cmTC_b31b0;/Applications/CLion.app/Contents/bin/cmake/mac/bin/cmake -E cmake_link_script CMakeFiles/cmTC_b31b0.dir/link.txt --verbose=1;/Library/Developer/CommandLineTools/usr/bin/c++  -arch arm64 -isysroot /Library/Developer/CommandLineTools/SDKs/MacOSX13.1.sdk -Wl,-search_paths_first -Wl,-headerpad_max_install_names  -v -Wl,-v CMakeFiles/cmTC_b31b0.dir/CMakeCXXCompilerABI.cpp.o -o cmTC_b31b0 ;Apple clang version 14.0.0 (clang-1400.0.29.202);Target: arm64-apple-darwin22.3.0;Thread model: posix;InstalledDir: /Library/Developer/CommandLineTools/usr/bin; "/Library/Developer/CommandLineTools/usr/bin/ld" -demangle -lto_library /Library/Developer/CommandLineTools/usr/lib/libLTO.dylib -dynamic -arch arm64 -platform_version macos 13.0.0 13.1 -syslibroot /Library/Developer/CommandLineTools/SDKs/MacOSX13.1.sdk -o cmTC_b31b0 -search_paths_first -headerpad_max_install_names -v CMakeFiles/cmTC_b31b0.dir/CMakeCXXCompilerABI.cpp.o -lc++ -lSystem /Library/Developer/CommandLineTools/usr/lib/clang/14.0.0/lib/darwin/libclang_rt.osx.a;@(#)PROGRAM:ld  PROJECT:ld64-820.1;BUILD 20:07:05 Nov  7 2022;configured to support archs: armv6 armv7 armv7s arm64 arm64e arm64_32 i386 x86_64 x86_64h armv6m armv7k armv7m armv7em;Library search paths:;	/Library/Developer/CommandLineTools/SDKs/MacOSX13.1.sdk/usr/lib;Framework search paths:;	/Library/Developer/CommandLineTools/SDKs/MacOSX13.1.sdk/System/Library/Frameworks/;;]
  Library search paths: [;/Library/Developer/CommandLineTools/SDKs/MacOSX13.1.sdk/usr/lib]
  Framework search paths: [;/Library/Developer/CommandLineTools/SDKs/MacOSX13.1.sdk/System/Library/Frameworks/]
  collapse library dir [/Library/Developer/CommandLineTools/SDKs/MacOSX13.1.sdk/usr/lib] ==> [/Library/Developer/CommandLineTools/SDKs/MacOSX13.1.sdk/usr/lib]
  collapse framework dir [/Library/Developer/CommandLineTools/SDKs/MacOSX13.1.sdk/System/Library/Frameworks/] ==> [/Library/Developer/CommandLineTools/SDKs/MacOSX13.1.sdk/System/Library/Frameworks]
  implicit libs: []
  implicit objs: []
  implicit dirs: [/Library/Developer/CommandLineTools/SDKs/MacOSX13.1.sdk/usr/lib]
  implicit fwks: [/Library/Developer/CommandLineTools/SDKs/MacOSX13.1.sdk/System/Library/Frameworks]


Performing C++ SOURCE FILE Test CXXFLAG_WALL_OKAY succeeded with the following output:
Change Dir: /Users/ellen.tomlins/Desktop/Classes_archive/CS211/quoridor_final_project/cmake-build-debug/CMakeFiles/CMakeScratch/TryCompile-PCeoy9

Run Build Command(s):/usr/bin/make -f Makefile cmTC_cfc1b/fast && /Library/Developer/CommandLineTools/usr/bin/make  -f CMakeFiles/cmTC_cfc1b.dir/build.make CMakeFiles/cmTC_cfc1b.dir/build
Building CXX object CMakeFiles/cmTC_cfc1b.dir/src.cxx.o
/Library/Developer/CommandLineTools/usr/bin/c++ -DCXXFLAG_WALL_OKAY  -arch arm64 -isysroot /Library/Developer/CommandLineTools/SDKs/MacOSX13.1.sdk -fcolor-diagnostics   -Wall -MD -MT CMakeFiles/cmTC_cfc1b.dir/src.cxx.o -MF CMakeFiles/cmTC_cfc1b.dir/src.cxx.o.d -o CMakeFiles/cmTC_cfc1b.dir/src.cxx.o -c /Users/ellen.tomlins/Desktop/Classes_archive/CS211/quoridor_final_project/cmake-build-debug/CMakeFiles/CMakeScratch/TryCompile-PCeoy9/src.cxx
Linking CXX executable cmTC_cfc1b
/Applications/CLion.app/Contents/bin/cmake/mac/bin/cmake -E cmake_link_script CMakeFiles/cmTC_cfc1b.dir/link.txt --verbose=1
/Library/Developer/CommandLineTools/usr/bin/c++  -arch arm64 -isysroot /Library/Developer/CommandLineTools/SDKs/MacOSX13.1.sdk -Wl,-search_paths_first -Wl,-headerpad_max_install_names CMakeFiles/cmTC_cfc1b.dir/src.cxx.o -o cmTC_cfc1b 


Source file was:
int main() { return 0; }

Performing C++ SOURCE FILE Test CXXFLAG_WCAST_QUAL_OKAY succeeded with the following output:
Change Dir: /Users/ellen.tomlins/Desktop/Classes_archive/CS211/quoridor_final_project/cmake-build-debug/CMakeFiles/CMakeScratch/TryCompile-FIAIry

Run Build Command(s):/usr/bin/make -f Makefile cmTC_14632/fast && /Library/Developer/CommandLineTools/usr/bin/make  -f CMakeFiles/cmTC_14632.dir/build.make CMakeFiles/cmTC_14632.dir/build
Building CXX object CMakeFiles/cmTC_14632.dir/src.cxx.o
/Library/Developer/CommandLineTools/usr/bin/c++ -DCXXFLAG_WCAST_QUAL_OKAY  -arch arm64 -isysroot /Library/Developer/CommandLineTools/SDKs/MacOSX13.1.sdk -fcolor-diagnostics   -Wcast-qual -MD -MT CMakeFiles/cmTC_14632.dir/src.cxx.o -MF CMakeFiles/cmTC_14632.dir/src.cxx.o.d -o CMakeFiles/cmTC_14632.dir/src.cxx.o -c /Users/ellen.tomlins/Desktop/Classes_archive/CS211/quoridor_final_project/cmake-build-debug/CMakeFiles/CMakeScratch/TryCompile-FIAIry/src.cxx
Linking CXX executable cmTC_14632
/Applications/CLion.app/Contents/bin/cmake/mac/bin/cmake -E cmake_link_script CMakeFiles/cmTC_14632.dir/link.txt --verbose=1
/Library/Developer/CommandLineTools/usr/bin/c++  -arch arm64 -isysroot /Library/Developer/CommandLineTools/SDKs/MacOSX13.1.sdk -Wl,-search_paths_first -Wl,-headerpad_max_install_names CMakeFiles/cmTC_14632.dir/src.cxx.o -o cmTC_14632 


Source file was:
int main() { return 0; }

Performing C++ SOURCE FILE Test CXXFLAG_WDANGLING_ELSE_OKAY succeeded with the following output:
Change Dir: /Users/ellen.tomlins/Desktop/Classes_archive/CS211/quoridor_final_project/cmake-build-debug/CMakeFiles/CMakeScratch/TryCompile-NQhVeI

Run Build Command(s):/usr/bin/make -f Makefile cmTC_c4974/fast && /Library/Developer/CommandLineTools/usr/bin/make  -f CMakeFiles/cmTC_c4974.dir/build.make CMakeFiles/cmTC_c4974.dir/build
Building CXX object CMakeFiles/cmTC_c4974.dir/src.cxx.o
/Library/Developer/CommandLineTools/usr/bin/c++ -DCXXFLAG_WDANGLING_ELSE_OKAY  -arch arm64 -isysroot /Library/Developer/CommandLineTools/SDKs/MacOSX13.1.sdk -fcolor-diagnostics   -Wdangling-else -MD -MT CMakeFiles/cmTC_c4974.dir/src.cxx.o -MF CMakeFiles/cmTC_c4974.dir/src.cxx.o.d -o CMakeFiles/cmTC_c4974.dir/src.cxx.o -c /Users/ellen.tomlins/Desktop/Classes_archive/CS211/quoridor_final_project/cmake-build-debug/CMakeFiles/CMakeScratch/TryCompile-NQhVeI/src.cxx
Linking CXX executable cmTC_c4974
/Applications/CLion.app/Contents/bin/cmake/mac/bin/cmake -E cmake_link_script CMakeFiles/cmTC_c4974.dir/link.txt --verbose=1
/Library/Developer/CommandLineTools/usr/bin/c++  -arch arm64 -isysroot /Library/Developer/CommandLineTools/SDKs/MacOSX13.1.sdk -Wl,-search_paths_first -Wl,-headerpad_max_install_names CMakeFiles/cmTC_c4974.dir/src.cxx.o -o cmTC_c4974 


Source file was:
int main() { return 0; }

Performing C++ SOURCE FILE Test CXXFLAG_WNULL_DEREFERENCE_OKAY succeeded with the following output:
Change Dir: /Users/ellen.tomlins/Desktop/Classes_archive/CS211/quoridor_final_project/cmake-build-debug/CMakeFiles/CMakeScratch/TryCompile-dDMSg1

Run Build Command(s):/usr/bin/make -f Makefile cmTC_0c460/fast && /Library/Developer/CommandLineTools/usr/bin/make  -f CMakeFiles/cmTC_0c460.dir/build.make CMakeFiles/cmTC_0c460.dir/build
Building CXX object CMakeFiles/cmTC_0c460.dir/src.cxx.o
/Library/Developer/CommandLineTools/usr/bin/c++ -DCXXFLAG_WNULL_DEREFERENCE_OKAY  -arch arm64 -isysroot /Library/Developer/CommandLineTools/SDKs/MacOSX13.1.sdk -fcolor-diagnostics   -Wnull-dereference -MD -MT CMakeFiles/cmTC_0c460.dir/src.cxx.o -MF CMakeFiles/cmTC_0c460.dir/src.cxx.o.d -o CMakeFiles/cmTC_0c460.dir/src.cxx.o -c /Users/ellen.tomlins/Desktop/Classes_archive/CS211/quoridor_final_project/cmake-build-debug/CMakeFiles/CMakeScratch/TryCompile-dDMSg1/src.cxx
Linking CXX executable cmTC_0c460
/Applications/CLion.app/Contents/bin/cmake/mac/bin/cmake -E cmake_link_script CMakeFiles/cmTC_0c460.dir/link.txt --verbose=1
/Library/Developer/CommandLineTools/usr/bin/c++  -arch arm64 -isysroot /Library/Developer/CommandLineTools/SDKs/MacOSX13.1.sdk -Wl,-search_paths_first -Wl,-headerpad_max_install_names CMakeFiles/cmTC_0c460.dir/src.cxx.o -o cmTC_0c460 


Source file was:
int main() { return 0; }

Performing C++ SOURCE FILE Test CXXFLAG_WTYPE_LIMITS_OKAY succeeded with the following output:
Change Dir: /Users/ellen.tomlins/Desktop/Classes_archive/CS211/quoridor_final_project/cmake-build-debug/CMakeFiles/CMakeScratch/TryCompile-bkH3zd

Run Build Command(s):/usr/bin/make -f Makefile cmTC_452f5/fast && /Library/Developer/CommandLineTools/usr/bin/make  -f CMakeFiles/cmTC_452f5.dir/build.make CMakeFiles/cmTC_452f5.dir/build
Building CXX object CMakeFiles/cmTC_452f5.dir/src.cxx.o
/Library/Developer/CommandLineTools/usr/bin/c++ -DCXXFLAG_WTYPE_LIMITS_OKAY  -arch arm64 -isysroot /Library/Developer/CommandLineTools/SDKs/MacOSX13.1.sdk -fcolor-diagnostics   -Wtype-limits -MD -MT CMakeFiles/cmTC_452f5.dir/src.cxx.o -MF CMakeFiles/cmTC_452f5.dir/src.cxx.o.d -o CMakeFiles/cmTC_452f5.dir/src.cxx.o -c /Users/ellen.tomlins/Desktop/Classes_archive/CS211/quoridor_final_project/cmake-build-debug/CMakeFiles/CMakeScratch/TryCompile-bkH3zd/src.cxx
Linking CXX executable cmTC_452f5
/Applications/CLion.app/Contents/bin/cmake/mac/bin/cmake -E cmake_link_script CMakeFiles/cmTC_452f5.dir/link.txt --verbose=1
/Library/Developer/CommandLineTools/usr/bin/c++  -arch arm64 -isysroot /Library/Developer/CommandLineTools/SDKs/MacOSX13.1.sdk -Wl,-search_paths_first -Wl,-headerpad_max_install_names CMakeFiles/cmTC_452f5.dir/src.cxx.o -o cmTC_452f5 


Source file was:
int main() { return 0; }

Performing C++ SOURCE FILE Test CXXFLAG_WWRITE_STRINGS_OKAY succeeded with the following output:
Change Dir: /Users/ellen.tomlins/Desktop/Classes_archive/CS211/quoridor_final_project/cmake-build-debug/CMakeFiles/CMakeScratch/TryCompile-RiGjdG

Run Build Command(s):/usr/bin/make -f Makefile cmTC_ced3a/fast && /Library/Developer/CommandLineTools/usr/bin/make  -f CMakeFiles/cmTC_ced3a.dir/build.make CMakeFiles/cmTC_ced3a.dir/build
Building CXX object CMakeFiles/cmTC_ced3a.dir/src.cxx.o
/Library/Developer/CommandLineTools/usr/bin/c++ -DCXXFLAG_WWRITE_STRINGS_OKAY  -arch arm64 -isysroot /Library/Developer/CommandLineTools/SDKs/MacOSX13.1.sdk -fcolor-diagnostics   -Wwrite-strings -MD -MT CMakeFiles/cmTC_ced3a.dir/src.cxx.o -MF CMakeFiles/cmTC_ced3a.dir/src.cxx.o.d -o CMakeFiles/cmTC_ced3a.dir/src.cxx.o -c /Users/ellen.tomlins/Desktop/Classes_archive/CS211/quoridor_final_project/cmake-build-debug/CMakeFiles/CMakeScratch/TryCompile-RiGjdG/src.cxx
Linking CXX executable cmTC_ced3a
/Applications/CLion.app/Contents/bin/cmake/mac/bin/cmake -E cmake_link_script CMakeFiles/cmTC_ced3a.dir/link.txt --verbose=1
/Library/Developer/CommandLineTools/usr/bin/c++  -arch arm64 -isysroot /Library/Developer/CommandLineTools/SDKs/MacOSX13.1.sdk -Wl,-search_paths_first -Wl,-headerpad_max_install_names CMakeFiles/cmTC_ced3a.dir/src.cxx.o -o cmTC_ced3a 


Source file was:
int main() { return 0; }

Performing C++ SOURCE FILE Test CXXFLAG_WERROR_BOOL_OPERATION_OKAY succeeded with the following output:
Change Dir: /Users/ellen.tomlins/Desktop/Classes_archive/CS211/quoridor_final_project/cmake-build-debug/CMakeFiles/CMakeScratch/TryCompile-EpQ2rQ

Run Build Command(s):/usr/bin/make -f Makefile cmTC_dac54/fast && /Library/Developer/CommandLineTools/usr/bin/make  -f CMakeFiles/cmTC_dac54.dir/build.make CMakeFiles/cmTC_dac54.dir/build
Building CXX object CMakeFiles/cmTC_dac54.dir/src.cxx.o
/Library/Developer/CommandLineTools/usr/bin/c++ -DCXXFLAG_WERROR_BOOL_OPERATION_OKAY  -arch arm64 -isysroot /Library/Developer/CommandLineTools/SDKs/MacOSX13.1.sdk -fcolor-diagnostics   -Werror=bool-operation -MD -MT CMakeFiles/cmTC_dac54.dir/src.cxx.o -MF CMakeFiles/cmTC_dac54.dir/src.cxx.o.d -o CMakeFiles/cmTC_dac54.dir/src.cxx.o -c /Users/ellen.tomlins/Desktop/Classes_archive/CS211/quoridor_final_project/cmake-build-debug/CMakeFiles/CMakeScratch/TryCompile-EpQ2rQ/src.cxx
Linking CXX executable cmTC_dac54
/Applications/CLion.app/Contents/bin/cmake/mac/bin/cmake -E cmake_link_script CMakeFiles/cmTC_dac54.dir/link.txt --verbose=1
/Library/Developer/CommandLineTools/usr/bin/c++  -arch arm64 -isysroot /Library/Developer/CommandLineTools/SDKs/MacOSX13.1.sdk -Wl,-search_paths_first -Wl,-headerpad_max_install_names CMakeFiles/cmTC_dac54.dir/src.cxx.o -o cmTC_dac54 


Source file was:
int main() { return 0; }

Performing C++ SOURCE FILE Test CXXFLAG_WERROR_INT_TO_POINTER_CAST_OKAY succeeded with the following output:
Change Dir: /Users/ellen.tomlins/Desktop/Classes_archive/CS211/quoridor_final_project/cmake-build-debug/CMakeFiles/CMakeScratch/TryCompile-d6gFjO

Run Build Command(s):/usr/bin/make -f Makefile cmTC_4b1d7/fast && /Library/Developer/CommandLineTools/usr/bin/make  -f CMakeFiles/cmTC_4b1d7.dir/build.make CMakeFiles/cmTC_4b1d7.dir/build
Building CXX object CMakeFiles/cmTC_4b1d7.dir/src.cxx.o
/Library/Developer/CommandLineTools/usr/bin/c++ -DCXXFLAG_WERROR_INT_TO_POINTER_CAST_OKAY  -arch arm64 -isysroot /Library/Developer/CommandLineTools/SDKs/MacOSX13.1.sdk -fcolor-diagnostics   -Werror=int-to-pointer-cast -MD -MT CMakeFiles/cmTC_4b1d7.dir/src.cxx.o -MF CMakeFiles/cmTC_4b1d7.dir/src.cxx.o.d -o CMakeFiles/cmTC_4b1d7.dir/src.cxx.o -c /Users/ellen.tomlins/Desktop/Classes_archive/CS211/quoridor_final_project/cmake-build-debug/CMakeFiles/CMakeScratch/TryCompile-d6gFjO/src.cxx
Linking CXX executable cmTC_4b1d7
/Applications/CLion.app/Contents/bin/cmake/mac/bin/cmake -E cmake_link_script CMakeFiles/cmTC_4b1d7.dir/link.txt --verbose=1
/Library/Developer/CommandLineTools/usr/bin/c++  -arch arm64 -isysroot /Library/Developer/CommandLineTools/SDKs/MacOSX13.1.sdk -Wl,-search_paths_first -Wl,-headerpad_max_install_names CMakeFiles/cmTC_4b1d7.dir/src.cxx.o -o cmTC_4b1d7 


Source file was:
int main() { return 0; }

Performing C++ SOURCE FILE Test CXXFLAG_WERROR_RETURN_TYPE_OKAY succeeded with the following output:
Change Dir: /Users/ellen.tomlins/Desktop/Classes_archive/CS211/quoridor_final_project/cmake-build-debug/CMakeFiles/CMakeScratch/TryCompile-MlnFlw

Run Build Command(s):/usr/bin/make -f Makefile cmTC_d59f4/fast && /Library/Developer/CommandLineTools/usr/bin/make  -f CMakeFiles/cmTC_d59f4.dir/build.make CMakeFiles/cmTC_d59f4.dir/build
Building CXX object CMakeFiles/cmTC_d59f4.dir/src.cxx.o
/Library/Developer/CommandLineTools/usr/bin/c++ -DCXXFLAG_WERROR_RETURN_TYPE_OKAY  -arch arm64 -isysroot /Library/Developer/CommandLineTools/SDKs/MacOSX13.1.sdk -fcolor-diagnostics   -Werror=return-type -MD -MT CMakeFiles/cmTC_d59f4.dir/src.cxx.o -MF CMakeFiles/cmTC_d59f4.dir/src.cxx.o.d -o CMakeFiles/cmTC_d59f4.dir/src.cxx.o -c /Users/ellen.tomlins/Desktop/Classes_archive/CS211/quoridor_final_project/cmake-build-debug/CMakeFiles/CMakeScratch/TryCompile-MlnFlw/src.cxx
Linking CXX executable cmTC_d59f4
/Applications/CLion.app/Contents/bin/cmake/mac/bin/cmake -E cmake_link_script CMakeFiles/cmTC_d59f4.dir/link.txt --verbose=1
/Library/Developer/CommandLineTools/usr/bin/c++  -arch arm64 -isysroot /Library/Developer/CommandLineTools/SDKs/MacOSX13.1.sdk -Wl,-search_paths_first -Wl,-headerpad_max_install_names CMakeFiles/cmTC_d59f4.dir/src.cxx.o -o cmTC_d59f4 


Source file was:
int main() { return 0; }

Performing C++ SOURCE FILE Test CXXFLAG_WERROR_UNINITIALIZED_OKAY succeeded with the following output:
Change Dir: /Users/ellen.tomlins/Desktop/Classes_archive/CS211/quoridor_final_project/cmake-build-debug/CMakeFiles/CMakeScratch/TryCompile-37DFka

Run Build Command(s):/usr/bin/make -f Makefile cmTC_e6822/fast && /Library/Developer/CommandLineTools/usr/bin/make  -f CMakeFiles/cmTC_e6822.dir/build.make CMakeFiles/cmTC_e6822.dir/build
Building CXX object CMakeFiles/cmTC_e6822.dir/src.cxx.o
/Library/Developer/CommandLineTools/usr/bin/c++ -DCXXFLAG_WERROR_UNINITIALIZED_OKAY  -arch arm64 -isysroot /Library/Developer/CommandLineTools/SDKs/MacOSX13.1.sdk -fcolor-diagnostics   -Werror=uninitialized -MD -MT CMakeFiles/cmTC_e6822.dir/src.cxx.o -MF CMakeFiles/cmTC_e6822.dir/src.cxx.o.d -o CMakeFiles/cmTC_e6822.dir/src.cxx.o -c /Users/ellen.tomlins/Desktop/Classes_archive/CS211/quoridor_final_project/cmake-build-debug/CMakeFiles/CMakeScratch/TryCompile-37DFka/src.cxx
Linking CXX executable cmTC_e6822
/Applications/CLion.app/Contents/bin/cmake/mac/bin/cmake -E cmake_link_script CMakeFiles/cmTC_e6822.dir/link.txt --verbose=1
/Library/Developer/CommandLineTools/usr/bin/c++  -arch arm64 -isysroot /Library/Developer/CommandLineTools/SDKs/MacOSX13.1.sdk -Wl,-search_paths_first -Wl,-headerpad_max_install_names CMakeFiles/cmTC_e6822.dir/src.cxx.o -o cmTC_e6822 


Source file was:
int main() { return 0; }

Performing C++ SOURCE FILE Test LDFLAG_FSANITIZE_UNDEFINED_OKAY succeeded with the following output:
Change Dir: /Users/ellen.tomlins/Desktop/Classes_archive/CS211/quoridor_final_project/cmake-build-debug/CMakeFiles/CMakeScratch/TryCompile-fvbRlW

Run Build Command(s):/usr/bin/make -f Makefile cmTC_4260c/fast && /Library/Developer/CommandLineTools/usr/bin/make  -f CMakeFiles/cmTC_4260c.dir/build.make CMakeFiles/cmTC_4260c.dir/build
Building CXX object CMakeFiles/cmTC_4260c.dir/src.cxx.o
/Library/Developer/CommandLineTools/usr/bin/c++ -DLDFLAG_FSANITIZE_UNDEFINED_OKAY  -fsanitize=undefined  -arch arm64 -isysroot /Library/Developer/CommandLineTools/SDKs/MacOSX13.1.sdk -fcolor-diagnostics -MD -MT CMakeFiles/cmTC_4260c.dir/src.cxx.o -MF CMakeFiles/cmTC_4260c.dir/src.cxx.o.d -o CMakeFiles/cmTC_4260c.dir/src.cxx.o -c /Users/ellen.tomlins/Desktop/Classes_archive/CS211/quoridor_final_project/cmake-build-debug/CMakeFiles/CMakeScratch/TryCompile-fvbRlW/src.cxx
Linking CXX executable cmTC_4260c
/Applications/CLion.app/Contents/bin/cmake/mac/bin/cmake -E cmake_link_script CMakeFiles/cmTC_4260c.dir/link.txt --verbose=1
/Library/Developer/CommandLineTools/usr/bin/c++  -fsanitize=undefined  -arch arm64 -isysroot /Library/Developer/CommandLineTools/SDKs/MacOSX13.1.sdk -Wl,-search_paths_first -Wl,-headerpad_max_install_names CMakeFiles/cmTC_4260c.dir/src.cxx.o -o cmTC_4260c 


Source file was:
int main(){}

